Using pre-set license
Built from '2021.3/staging' branch; Version is '2021.3.33f1 (ee5a2aa03ab2) revision 15620650'; Using compiler version '192829333'; Build Type 'Release'
OS: 'Windows 11  (10.0.22631) 64bit CoreSingleLanguage' Language: 'en' Physical Memory: 16163 MB
BatchMode: 1, IsHumanControllingUs: 0, StartBugReporterOnCrash: 0, Is64bit: 1, IsPro: 1

COMMAND LINE ARGUMENTS:
E:\UnityEditor\2021.3.33f1\Editor\Unity.exe
-adb2
-batchMode
-noUpm
-name
AssetImportWorker2
-projectPath
F:/Unity_Project/Editor/PC/Online/2D/Farmer
-logFile
Logs/AssetImportWorker2.log
-srvPort
51776
Successfully changed project path to: F:/Unity_Project/Editor/PC/Online/2D/Farmer
F:/Unity_Project/Editor/PC/Online/2D/Farmer
[UnityMemory] Configuration Parameters - Can be set up in boot.config
    "memorysetup-bucket-allocator-granularity=16"
    "memorysetup-bucket-allocator-bucket-count=8"
    "memorysetup-bucket-allocator-block-size=33554432"
    "memorysetup-bucket-allocator-block-count=8"
    "memorysetup-main-allocator-block-size=16777216"
    "memorysetup-thread-allocator-block-size=16777216"
    "memorysetup-gfx-main-allocator-block-size=16777216"
    "memorysetup-gfx-thread-allocator-block-size=16777216"
    "memorysetup-cache-allocator-block-size=4194304"
    "memorysetup-typetree-allocator-block-size=2097152"
    "memorysetup-profiler-bucket-allocator-granularity=16"
    "memorysetup-profiler-bucket-allocator-bucket-count=8"
    "memorysetup-profiler-bucket-allocator-block-size=33554432"
    "memorysetup-profiler-bucket-allocator-block-count=8"
    "memorysetup-profiler-allocator-block-size=16777216"
    "memorysetup-profiler-editor-allocator-block-size=1048576"
    "memorysetup-temp-allocator-size-main=16777216"
    "memorysetup-job-temp-allocator-block-size=2097152"
    "memorysetup-job-temp-allocator-block-size-background=1048576"
    "memorysetup-job-temp-allocator-reduction-small-platforms=262144"
    "memorysetup-temp-allocator-size-background-worker=32768"
    "memorysetup-temp-allocator-size-job-worker=262144"
    "memorysetup-temp-allocator-size-preload-manager=33554432"
    "memorysetup-temp-allocator-size-nav-mesh-worker=65536"
    "memorysetup-temp-allocator-size-audio-worker=65536"
    "memorysetup-temp-allocator-size-cloud-worker=32768"
    "memorysetup-temp-allocator-size-gi-baking-worker=262144"
    "memorysetup-temp-allocator-size-gfx=262144"
Player connection [2932] Host "[IP] 192.168.0.102 [Port] 0 [Flags] 2 [Guid] 3990393949 [EditorId] 3990393949 [Version] 1048832 [Id] WindowsEditor(7,MQuang) [Debug] 1 [PackageName] WindowsEditor [ProjectName] Editor" joined multi-casting on [225.0.0.222:54997]...

Player connection [2932] Host "[IP] 192.168.0.102 [Port] 0 [Flags] 2 [Guid] 3990393949 [EditorId] 3990393949 [Version] 1048832 [Id] WindowsEditor(7,MQuang) [Debug] 1 [PackageName] WindowsEditor [ProjectName] Editor" joined alternative multi-casting on [225.0.0.222:34997]...

[Physics::Module] Initialized MultithreadedJobDispatcher with {0} workers.
Refreshing native plugins compatible for Editor in 136.57 ms, found 4 plugins.
Preloading 0 native plugins for Editor in 0.00 ms.
Initialize engine version: 2021.3.33f1 (ee5a2aa03ab2)
[Subsystems] Discovering subsystems at path E:/UnityEditor/2021.3.33f1/Editor/Data/Resources/UnitySubsystems
[Subsystems] Discovering subsystems at path F:/Unity_Project/Editor/PC/Online/2D/Farmer/Assets
GfxDevice: creating device client; threaded=0; jobified=0
Direct3D:
    Version:  Direct3D 11.0 [level 11.1]
    Renderer: NVIDIA GeForce GTX 1650 (ID=0x1f9d)
    Vendor:   NVIDIA
    VRAM:     3962 MB
    Driver:   31.0.15.1748
Initialize mono
Mono path[0] = 'E:/UnityEditor/2021.3.33f1/Editor/Data/Managed'
Mono path[1] = 'E:/UnityEditor/2021.3.33f1/Editor/Data/MonoBleedingEdge/lib/mono/unityjit-win32'
Mono config path = 'E:/UnityEditor/2021.3.33f1/Editor/Data/MonoBleedingEdge/etc'
Using monoOptions --debugger-agent=transport=dt_socket,embedding=1,server=y,suspend=n,address=127.0.0.1:56104
Begin MonoManager ReloadAssembly
Registering precompiled unity dll's ...
Register platform support module: E:/UnityEditor/2021.3.33f1/Editor/Data/PlaybackEngines/WebGLSupport/UnityEditor.WebGL.Extensions.dll
Register platform support module: E:/UnityEditor/2021.3.33f1/Editor/Data/PlaybackEngines/AndroidPlayer/UnityEditor.Android.Extensions.dll
Register platform support module: E:/UnityEditor/2021.3.33f1/Editor/Data/PlaybackEngines/WindowsStandaloneSupport/UnityEditor.WindowsStandalone.Extensions.dll
Registered in 0.001596 seconds.
Native extension for WindowsStandalone target not found
Native extension for Android target not found
Android Extension - Scanning For ADB Devices 235 ms
Native extension for WebGL target not found
Refreshing native plugins compatible for Editor in 132.01 ms, found 4 plugins.
Preloading 0 native plugins for Editor in 0.00 ms.
Mono: successfully reloaded assembly
- Completed reload, in  0.963 seconds
Domain Reload Profiling:
	ReloadAssembly (964ms)
		BeginReloadAssembly (73ms)
			ExecutionOrderSort (0ms)
			DisableScriptedObjects (0ms)
			BackupInstance (0ms)
			ReleaseScriptingObjects (0ms)
			CreateAndSetChildDomain (1ms)
		EndReloadAssembly (819ms)
			LoadAssemblies (72ms)
			RebuildTransferFunctionScriptingTraits (0ms)
			SetupTypeCache (143ms)
			ReleaseScriptCaches (0ms)
			RebuildScriptCaches (36ms)
			SetupLoadedEditorAssemblies (594ms)
				LogAssemblyErrors (0ms)
				InitializePlatformSupportModulesInManaged (338ms)
				SetLoadedEditorAssemblies (0ms)
				RefreshPlugins (132ms)
				BeforeProcessingInitializeOnLoad (1ms)
				ProcessInitializeOnLoadAttributes (85ms)
				ProcessInitializeOnLoadMethodAttributes (38ms)
				AfterProcessingInitializeOnLoad (0ms)
				EditorAssembliesLoaded (0ms)
			ExecutionOrderSort2 (0ms)
			AwakeInstancesAfterBackupRestoration (0ms)
Platform modules already initialized, skipping
Registering precompiled user dll's ...
Registered in 0.005511 seconds.
Begin MonoManager ReloadAssembly
Symbol file LoadedFromMemory is not a mono symbol file
Native extension for WindowsStandalone target not found
Native extension for Android target not found
Native extension for WebGL target not found
Refreshing native plugins compatible for Editor in 125.87 ms, found 4 plugins.
Preloading 0 native plugins for Editor in 0.00 ms.
Package Manager log level set to [2]
[Package Manager] Server::EnsureServerProcessIsRunning -- launch failed, reason: Unity was launched with the -noUpm command-line argument
[Package Manager] Cannot connect to Unity Package Manager local server
Mono: successfully reloaded assembly
- Completed reload, in  1.712 seconds
Domain Reload Profiling:
	ReloadAssembly (1712ms)
		BeginReloadAssembly (101ms)
			ExecutionOrderSort (0ms)
			DisableScriptedObjects (5ms)
			BackupInstance (0ms)
			ReleaseScriptingObjects (0ms)
			CreateAndSetChildDomain (19ms)
		EndReloadAssembly (1523ms)
			LoadAssemblies (102ms)
			RebuildTransferFunctionScriptingTraits (0ms)
			SetupTypeCache (293ms)
			ReleaseScriptCaches (1ms)
			RebuildScriptCaches (76ms)
			SetupLoadedEditorAssemblies (1025ms)
				LogAssemblyErrors (0ms)
				InitializePlatformSupportModulesInManaged (16ms)
				SetLoadedEditorAssemblies (0ms)
				RefreshPlugins (126ms)
				BeforeProcessingInitializeOnLoad (134ms)
				ProcessInitializeOnLoadAttributes (656ms)
				ProcessInitializeOnLoadMethodAttributes (90ms)
				AfterProcessingInitializeOnLoad (2ms)
				EditorAssembliesLoaded (0ms)
			ExecutionOrderSort2 (0ms)
			AwakeInstancesAfterBackupRestoration (5ms)
Platform modules already initialized, skipping
========================================================================
Worker process is ready to serve import requests
Launched and connected shader compiler UnityShaderCompiler.exe after 0.03 seconds
Refreshing native plugins compatible for Editor in 1.11 ms, found 4 plugins.
Preloading 0 native plugins for Editor in 0.00 ms.
Unloading 7246 Unused Serialized files (Serialized files now loaded: 0)
Unloading 68 unused Assets / (0.8 MB). Loaded Objects now: 7695.
Memory consumption went from 280.2 MB to 279.5 MB.
Total: 4.390100 ms (FindLiveObjects: 0.511900 ms CreateObjectMapping: 0.337200 ms MarkObjects: 3.255800 ms  DeleteObjects: 0.284300 ms)

AssetImportParameters requested are different than current active one (requested -> active):
  custom:video-decoder-ogg-theora: a1e56fd34408186e4bbccfd4996cb3dc -> 
  custom:container-muxer-webm: aa71ff27fc2769a1b78a27578f13a17b -> 
  custom:container-demuxer-webm: 4f35f7cbe854078d1ac9338744f61a02 -> 
  custom:video-encoder-webm-vp8: eb34c28f22e8b96e1ab97ce403110664 -> 
  custom:video-codec-MediaFoundation-h265: 746d11721c4dcdbdad8f713fa42b33f4 -> 
  custom:CustomObjectIndexerAttribute: 6b0e35c9178b02a6363f3721b7b8e397 -> 
  custom:audio-encoder-webm-vorbis: bf7c407c2cedff20999df2af8eb42d56 -> 
  custom:framework-win-MediaFoundation: 216162199b28c13a410421893ffa2e32 -> 
  custom:SearchIndexIgnoredProperties: e643bd26f0fe6173181afceb89e7c659 -> 
  custom:container-demuxer-ogg: 62fdf1f143b41e24485cea50d1cbac27 -> 
  custom:video-decoder-webm-vp8: 9c59270c3fd7afecdb556c50c9e8de78 -> 
  custom:audio-decoder-ogg-vorbis: bf7c407c2cedff20999df2af8eb42d56 -> 
========================================================================
Received Import Request.
  Time since last request: 6139.497586 seconds.
  path: Assets/In_Asset/Local/Sprout Lands - Sprites - Basic pack/Characters/Basic Charakter Actions.png
  artifactKey: Guid(c9b73af6899a5b243b126ec93797d489) Importer(815301076,1909f56bfc062723c751e8b465ee728b)
Number of updated assets reloaded before import = 0
Start importing Assets/In_Asset/Local/Sprout Lands - Sprites - Basic pack/Characters/Basic Charakter Actions.png using Guid(c9b73af6899a5b243b126ec93797d489) Importer(815301076,1909f56bfc062723c751e8b465ee728b)  -> (artifact id: 'df521b2551682fad7175e38aff9010e7') in 0.086503 seconds 
Number of asset objects unloaded after import = 3
========================================================================
Received Import Request.
  Time since last request: 9.272766 seconds.
  path: Assets/In_Asset/Local/Sprout Lands - Sprites - Basic pack/Characters/Basic Charakter Actions.png
  artifactKey: Guid(c9b73af6899a5b243b126ec93797d489) Importer(815301076,1909f56bfc062723c751e8b465ee728b)
Number of updated assets reloaded before import = 0
Start importing Assets/In_Asset/Local/Sprout Lands - Sprites - Basic pack/Characters/Basic Charakter Actions.png using Guid(c9b73af6899a5b243b126ec93797d489) Importer(815301076,1909f56bfc062723c751e8b465ee728b)  -> (artifact id: '3cbcc84d1ca6d031283257a759bec628') in 0.083465 seconds 
Number of asset objects unloaded after import = 35
========================================================================
Received Import Request.
  Time since last request: 21.372804 seconds.
  path: Assets/In_Asset/Local/Sprout Lands - Sprites - Basic pack/Characters/Basic Charakter Spritesheet.png
  artifactKey: Guid(a9dcbfee3171e1849abdb2842a0ae016) Importer(815301076,1909f56bfc062723c751e8b465ee728b)
Number of updated assets reloaded before import = 0
Start importing Assets/In_Asset/Local/Sprout Lands - Sprites - Basic pack/Characters/Basic Charakter Spritesheet.png using Guid(a9dcbfee3171e1849abdb2842a0ae016) Importer(815301076,1909f56bfc062723c751e8b465ee728b)  -> (artifact id: '81e272ecf364cb93121ffd4fb8a886fe') in 0.017801 seconds 
Number of asset objects unloaded after import = 2
========================================================================
Received Import Request.
  Time since last request: 5.259597 seconds.
  path: Assets/In_Asset/Local/Sprout Lands - Sprites - Basic pack/Characters/Basic Charakter Spritesheet.png
  artifactKey: Guid(a9dcbfee3171e1849abdb2842a0ae016) Importer(815301076,1909f56bfc062723c751e8b465ee728b)
Number of updated assets reloaded before import = 0
Start importing Assets/In_Asset/Local/Sprout Lands - Sprites - Basic pack/Characters/Basic Charakter Spritesheet.png using Guid(a9dcbfee3171e1849abdb2842a0ae016) Importer(815301076,1909f56bfc062723c751e8b465ee728b)  -> (artifact id: '80bf8adb41563b253d3a869b20423948') in 0.049843 seconds 
Number of asset objects unloaded after import = 18
========================================================================
Received Import Request.
  Time since last request: 11.708438 seconds.
  path: Assets/In_Asset/Local/Sprout Lands - Sprites - Basic pack/Characters/Egg_And_Nest.png
  artifactKey: Guid(a67cb303270293546a943bf561e36eea) Importer(815301076,1909f56bfc062723c751e8b465ee728b)
Number of updated assets reloaded before import = 0
Start importing Assets/In_Asset/Local/Sprout Lands - Sprites - Basic pack/Characters/Egg_And_Nest.png using Guid(a67cb303270293546a943bf561e36eea) Importer(815301076,1909f56bfc062723c751e8b465ee728b)  -> (artifact id: '5e59bbb624c61891dc4701ca393de4a4') in 0.016177 seconds 
Number of asset objects unloaded after import = 2
========================================================================
Received Import Request.
  Time since last request: 3.672519 seconds.
  path: Assets/In_Asset/Local/Sprout Lands - Sprites - Basic pack/Characters/Egg_And_Nest.png
  artifactKey: Guid(a67cb303270293546a943bf561e36eea) Importer(815301076,1909f56bfc062723c751e8b465ee728b)
Number of updated assets reloaded before import = 0
Start importing Assets/In_Asset/Local/Sprout Lands - Sprites - Basic pack/Characters/Egg_And_Nest.png using Guid(a67cb303270293546a943bf561e36eea) Importer(815301076,1909f56bfc062723c751e8b465ee728b)  -> (artifact id: '0e2f53121cb758b850fb3bc995593c19') in 0.028645 seconds 
Number of asset objects unloaded after import = 6
========================================================================
Received Import Request.
  Time since last request: 10.389614 seconds.
  path: Assets/In_Asset/Local/Sprout Lands - Sprites - Basic pack/Characters/Free Chicken Sprites.png
  artifactKey: Guid(e534b776f13dfc344907a10a0faa3099) Importer(815301076,1909f56bfc062723c751e8b465ee728b)
Number of updated assets reloaded before import = 0
Start importing Assets/In_Asset/Local/Sprout Lands - Sprites - Basic pack/Characters/Free Chicken Sprites.png using Guid(e534b776f13dfc344907a10a0faa3099) Importer(815301076,1909f56bfc062723c751e8b465ee728b)  -> (artifact id: '5062b62e918a44ff85d5d9660fce337d') in 0.015004 seconds 
Number of asset objects unloaded after import = 2
========================================================================
Received Import Request.
  Time since last request: 4.960610 seconds.
  path: Assets/In_Asset/Local/Sprout Lands - Sprites - Basic pack/Characters/Free Chicken Sprites.png
  artifactKey: Guid(e534b776f13dfc344907a10a0faa3099) Importer(815301076,1909f56bfc062723c751e8b465ee728b)
Number of updated assets reloaded before import = 0
Start importing Assets/In_Asset/Local/Sprout Lands - Sprites - Basic pack/Characters/Free Chicken Sprites.png using Guid(e534b776f13dfc344907a10a0faa3099) Importer(815301076,1909f56bfc062723c751e8b465ee728b)  -> (artifact id: 'a3abab0adccaaa65f1491498c881ac60') in 0.031127 seconds 
Number of asset objects unloaded after import = 8
========================================================================
Received Import Request.
  Time since last request: 8.806513 seconds.
  path: Assets/In_Asset/Local/Sprout Lands - Sprites - Basic pack/Characters/Free Cow Sprites.png
  artifactKey: Guid(6636a2abac59d4d4c963f3375f3a9a36) Importer(815301076,1909f56bfc062723c751e8b465ee728b)
Number of updated assets reloaded before import = 0
Start importing Assets/In_Asset/Local/Sprout Lands - Sprites - Basic pack/Characters/Free Cow Sprites.png using Guid(6636a2abac59d4d4c963f3375f3a9a36) Importer(815301076,1909f56bfc062723c751e8b465ee728b)  -> (artifact id: 'd65e7004e4d725f3930f8df951c856f3') in 0.030334 seconds 
Number of asset objects unloaded after import = 7
========================================================================
Received Import Request.
  Time since last request: 8.122603 seconds.
  path: Assets/In_Asset/Local/Sprout Lands - Sprites - Basic pack/Characters/Tools.png
  artifactKey: Guid(d0d66a61c0ea643448d4b125deb6b7db) Importer(815301076,1909f56bfc062723c751e8b465ee728b)
Number of updated assets reloaded before import = 0
Start importing Assets/In_Asset/Local/Sprout Lands - Sprites - Basic pack/Characters/Tools.png using Guid(d0d66a61c0ea643448d4b125deb6b7db) Importer(815301076,1909f56bfc062723c751e8b465ee728b)  -> (artifact id: '068320383ea57066ed2e9bc06fd1e37f') in 0.090297 seconds 
Number of asset objects unloaded after import = 38
========================================================================
Received Import Request.
  Time since last request: 6.370879 seconds.
  path: Assets/In_Asset/Local/Sprout Lands - Sprites - Basic pack/Objects/Basic_Furniture.png
  artifactKey: Guid(4d67fc94dddb0c741a73a9bfbee6dd74) Importer(815301076,1909f56bfc062723c751e8b465ee728b)
Number of updated assets reloaded before import = 0
Start importing Assets/In_Asset/Local/Sprout Lands - Sprites - Basic pack/Objects/Basic_Furniture.png using Guid(4d67fc94dddb0c741a73a9bfbee6dd74) Importer(815301076,1909f56bfc062723c751e8b465ee728b)  -> (artifact id: 'a50ebb95b4574f3ffaa39d7d2487399d') in 0.027004 seconds 
Number of asset objects unloaded after import = 3
========================================================================
Received Import Request.
  Time since last request: 0.000022 seconds.
  path: Assets/In_Asset/Local/Sprout Lands - Sprites - Basic pack/Objects/Wood_Bridge.png
  artifactKey: Guid(8fbc62684e684804d9fa93f6a09aa95b) Importer(815301076,1909f56bfc062723c751e8b465ee728b)
Number of updated assets reloaded before import = 0
Start importing Assets/In_Asset/Local/Sprout Lands - Sprites - Basic pack/Objects/Wood_Bridge.png using Guid(8fbc62684e684804d9fa93f6a09aa95b) Importer(815301076,1909f56bfc062723c751e8b465ee728b)  -> (artifact id: '12e3124d0bce2972326491e478e51f1e') in 0.021277 seconds 
Number of asset objects unloaded after import = 3
========================================================================
Received Import Request.
  Time since last request: 0.000054 seconds.
  path: Assets/In_Asset/Local/Sprout Lands - Sprites - Basic pack/Objects/Free_Chicken_House.png
  artifactKey: Guid(69df7ef209d34ff4db671a2728d142ae) Importer(815301076,1909f56bfc062723c751e8b465ee728b)
Number of updated assets reloaded before import = 0
Start importing Assets/In_Asset/Local/Sprout Lands - Sprites - Basic pack/Objects/Free_Chicken_House.png using Guid(69df7ef209d34ff4db671a2728d142ae) Importer(815301076,1909f56bfc062723c751e8b465ee728b)  -> (artifact id: 'd61a6342af6dda653ae183959b1d30b6') in 0.019940 seconds 
Number of asset objects unloaded after import = 3
========================================================================
Received Import Request.
  Time since last request: 0.000032 seconds.
  path: Assets/In_Asset/Local/Sprout Lands - Sprites - Basic pack/Objects/Basic_Plants.png
  artifactKey: Guid(4c5a31f511010084189b6a3251663a6c) Importer(815301076,1909f56bfc062723c751e8b465ee728b)
Number of updated assets reloaded before import = 0
Start importing Assets/In_Asset/Local/Sprout Lands - Sprites - Basic pack/Objects/Basic_Plants.png using Guid(4c5a31f511010084189b6a3251663a6c) Importer(815301076,1909f56bfc062723c751e8b465ee728b)  -> (artifact id: '9796eebd14a3fb850208c66448538119') in 0.019882 seconds 
Number of asset objects unloaded after import = 3
========================================================================
Received Import Request.
  Time since last request: 0.000022 seconds.
  path: Assets/In_Asset/Local/Sprout Lands - Sprites - Basic pack/Objects/Basic_tools_and_meterials.png
  artifactKey: Guid(5a1880aeb9cfe77499973ba4f0dc1f1e) Importer(815301076,1909f56bfc062723c751e8b465ee728b)
Number of updated assets reloaded before import = 0
Start importing Assets/In_Asset/Local/Sprout Lands - Sprites - Basic pack/Objects/Basic_tools_and_meterials.png using Guid(5a1880aeb9cfe77499973ba4f0dc1f1e) Importer(815301076,1909f56bfc062723c751e8b465ee728b)  -> (artifact id: '0b3cd3937c4805961b4b84bdbc4f8775') in 0.017904 seconds 
Number of asset objects unloaded after import = 3
========================================================================
Received Import Request.
  Time since last request: 4.018798 seconds.
  path: Assets/In_Asset/Local/Sprout Lands - Sprites - Basic pack/Objects/Basic_Furniture.png
  artifactKey: Guid(4d67fc94dddb0c741a73a9bfbee6dd74) Importer(815301076,1909f56bfc062723c751e8b465ee728b)
Number of updated assets reloaded before import = 0
Start importing Assets/In_Asset/Local/Sprout Lands - Sprites - Basic pack/Objects/Basic_Furniture.png using Guid(4d67fc94dddb0c741a73a9bfbee6dd74) Importer(815301076,1909f56bfc062723c751e8b465ee728b)  -> (artifact id: 'ccb30409380c0e34fd1caa2606c19096') in 0.015366 seconds 
Number of asset objects unloaded after import = 2
========================================================================
Received Import Request.
  Time since last request: 3.868617 seconds.
  path: Assets/In_Asset/Local/Sprout Lands - Sprites - Basic pack/Objects/Basic_Furniture.png
  artifactKey: Guid(4d67fc94dddb0c741a73a9bfbee6dd74) Importer(815301076,1909f56bfc062723c751e8b465ee728b)
Number of updated assets reloaded before import = 0
Start importing Assets/In_Asset/Local/Sprout Lands - Sprites - Basic pack/Objects/Basic_Furniture.png using Guid(4d67fc94dddb0c741a73a9bfbee6dd74) Importer(815301076,1909f56bfc062723c751e8b465ee728b)  -> (artifact id: '052eb73d2b6437b07969c9231f975c28') in 0.074173 seconds 
Number of asset objects unloaded after import = 31
========================================================================
Received Import Request.
  Time since last request: 7.557113 seconds.
  path: Assets/In_Asset/Local/Sprout Lands - Sprites - Basic pack/Objects/Basic_Grass_Biom_things.png
  artifactKey: Guid(4bf74889668097d49bea71d3c5f28f9d) Importer(815301076,1909f56bfc062723c751e8b465ee728b)
Number of updated assets reloaded before import = 0
Start importing Assets/In_Asset/Local/Sprout Lands - Sprites - Basic pack/Objects/Basic_Grass_Biom_things.png using Guid(4bf74889668097d49bea71d3c5f28f9d) Importer(815301076,1909f56bfc062723c751e8b465ee728b)  -> (artifact id: '52ce741da1d574cb3c7779862bba133a') in 0.015136 seconds 
Number of asset objects unloaded after import = 2
========================================================================
Received Import Request.
  Time since last request: 2.944351 seconds.
  path: Assets/In_Asset/Local/Sprout Lands - Sprites - Basic pack/Objects/Basic_Grass_Biom_things.png
  artifactKey: Guid(4bf74889668097d49bea71d3c5f28f9d) Importer(815301076,1909f56bfc062723c751e8b465ee728b)
Number of updated assets reloaded before import = 0
Start importing Assets/In_Asset/Local/Sprout Lands - Sprites - Basic pack/Objects/Basic_Grass_Biom_things.png using Guid(4bf74889668097d49bea71d3c5f28f9d) Importer(815301076,1909f56bfc062723c751e8b465ee728b)  -> (artifact id: '4eb4e595db4e55edc32f714b1a320a2c') in 0.083370 seconds 
Number of asset objects unloaded after import = 37
========================================================================
Received Import Request.
  Time since last request: 8.236478 seconds.
  path: Assets/In_Asset/Local/Sprout Lands - Sprites - Basic pack/Objects/Basic_Plants.png
  artifactKey: Guid(4c5a31f511010084189b6a3251663a6c) Importer(815301076,1909f56bfc062723c751e8b465ee728b)
Number of updated assets reloaded before import = 0
Start importing Assets/In_Asset/Local/Sprout Lands - Sprites - Basic pack/Objects/Basic_Plants.png using Guid(4c5a31f511010084189b6a3251663a6c) Importer(815301076,1909f56bfc062723c751e8b465ee728b)  -> (artifact id: 'e4b19bcc3072849af7a0a47f539e059d') in 0.029188 seconds 
Number of asset objects unloaded after import = 2
========================================================================
Received Import Request.
  Time since last request: 2.738570 seconds.
  path: Assets/In_Asset/Local/Sprout Lands - Sprites - Basic pack/Objects/Basic_Plants.png
  artifactKey: Guid(4c5a31f511010084189b6a3251663a6c) Importer(815301076,1909f56bfc062723c751e8b465ee728b)
Number of updated assets reloaded before import = 0
Start importing Assets/In_Asset/Local/Sprout Lands - Sprites - Basic pack/Objects/Basic_Plants.png using Guid(4c5a31f511010084189b6a3251663a6c) Importer(815301076,1909f56bfc062723c751e8b465ee728b)  -> (artifact id: '061976e1ef223afa8491fdc2ce731165') in 0.045481 seconds 
Number of asset objects unloaded after import = 14
========================================================================
Received Import Request.
  Time since last request: 8.023612 seconds.
  path: Assets/In_Asset/Local/Sprout Lands - Sprites - Basic pack/Objects/Basic_tools_and_meterials.png
  artifactKey: Guid(5a1880aeb9cfe77499973ba4f0dc1f1e) Importer(815301076,1909f56bfc062723c751e8b465ee728b)
Number of updated assets reloaded before import = 0
Start importing Assets/In_Asset/Local/Sprout Lands - Sprites - Basic pack/Objects/Basic_tools_and_meterials.png using Guid(5a1880aeb9cfe77499973ba4f0dc1f1e) Importer(815301076,1909f56bfc062723c751e8b465ee728b)  -> (artifact id: 'bde4ae24faa8537ff07cf0e9535010b9') in 0.012613 seconds 
Number of asset objects unloaded after import = 2
========================================================================
Received Import Request.
  Time since last request: 2.946054 seconds.
  path: Assets/In_Asset/Local/Sprout Lands - Sprites - Basic pack/Objects/Basic_tools_and_meterials.png
  artifactKey: Guid(5a1880aeb9cfe77499973ba4f0dc1f1e) Importer(815301076,1909f56bfc062723c751e8b465ee728b)
Number of updated assets reloaded before import = 0
Start importing Assets/In_Asset/Local/Sprout Lands - Sprites - Basic pack/Objects/Basic_tools_and_meterials.png using Guid(5a1880aeb9cfe77499973ba4f0dc1f1e) Importer(815301076,1909f56bfc062723c751e8b465ee728b)  -> (artifact id: 'a0721fe58b526ce407b3849d8da2b956') in 0.031980 seconds 
Number of asset objects unloaded after import = 8
========================================================================
Received Import Request.
  Time since last request: 7.480776 seconds.
  path: Assets/In_Asset/Local/Sprout Lands - Sprites - Basic pack/Objects/Chest.png
  artifactKey: Guid(cc3a0d7792da68940a31331b04d818a5) Importer(815301076,1909f56bfc062723c751e8b465ee728b)
Number of updated assets reloaded before import = 0
Start importing Assets/In_Asset/Local/Sprout Lands - Sprites - Basic pack/Objects/Chest.png using Guid(cc3a0d7792da68940a31331b04d818a5) Importer(815301076,1909f56bfc062723c751e8b465ee728b)  -> (artifact id: 'd1e2de5734cc905cd26f3cb3fd03a120') in 0.016810 seconds 
Number of asset objects unloaded after import = 2
========================================================================
Received Import Request.
  Time since last request: 3.038809 seconds.
  path: Assets/In_Asset/Local/Sprout Lands - Sprites - Basic pack/Objects/Chest.png
  artifactKey: Guid(cc3a0d7792da68940a31331b04d818a5) Importer(815301076,1909f56bfc062723c751e8b465ee728b)
Number of updated assets reloaded before import = 0
Start importing Assets/In_Asset/Local/Sprout Lands - Sprites - Basic pack/Objects/Chest.png using Guid(cc3a0d7792da68940a31331b04d818a5) Importer(815301076,1909f56bfc062723c751e8b465ee728b)  -> (artifact id: '75076684266f5eb9523ab3a467f133ce') in 0.044968 seconds 
Number of asset objects unloaded after import = 12
========================================================================
Received Import Request.
  Time since last request: 21.083104 seconds.
  path: Assets/In_Asset/Local/Sprout Lands - Sprites - Basic pack/Objects/Simple_Milk_and_grass_item.png
  artifactKey: Guid(9ffdb90496228ba45a33a24660c89a27) Importer(815301076,1909f56bfc062723c751e8b465ee728b)
Number of updated assets reloaded before import = 0
Start importing Assets/In_Asset/Local/Sprout Lands - Sprites - Basic pack/Objects/Simple_Milk_and_grass_item.png using Guid(9ffdb90496228ba45a33a24660c89a27) Importer(815301076,1909f56bfc062723c751e8b465ee728b)  -> (artifact id: '23f34f13736885caa4f17c65c10f5722') in 0.013966 seconds 
Number of asset objects unloaded after import = 2
========================================================================
Received Import Request.
  Time since last request: 3.126547 seconds.
  path: Assets/In_Asset/Local/Sprout Lands - Sprites - Basic pack/Objects/Simple_Milk_and_grass_item.png
  artifactKey: Guid(9ffdb90496228ba45a33a24660c89a27) Importer(815301076,1909f56bfc062723c751e8b465ee728b)
Number of updated assets reloaded before import = 0
Start importing Assets/In_Asset/Local/Sprout Lands - Sprites - Basic pack/Objects/Simple_Milk_and_grass_item.png using Guid(9ffdb90496228ba45a33a24660c89a27) Importer(815301076,1909f56bfc062723c751e8b465ee728b)  -> (artifact id: 'f249d79de9ca2cd0bbbc61fe34622c87') in 0.026373 seconds 
Number of asset objects unloaded after import = 6
========================================================================
Received Import Request.
  Time since last request: 7.707804 seconds.
  path: Assets/In_Asset/Local/Sprout Lands - Sprites - Basic pack/Objects/Wood_Bridge.png
  artifactKey: Guid(8fbc62684e684804d9fa93f6a09aa95b) Importer(815301076,1909f56bfc062723c751e8b465ee728b)
Number of updated assets reloaded before import = 0
Start importing Assets/In_Asset/Local/Sprout Lands - Sprites - Basic pack/Objects/Wood_Bridge.png using Guid(8fbc62684e684804d9fa93f6a09aa95b) Importer(815301076,1909f56bfc062723c751e8b465ee728b)  -> (artifact id: 'cd5b1cb5a7bc72a6caa9e51f384b1182') in 0.015061 seconds 
Number of asset objects unloaded after import = 2
========================================================================
Received Import Request.
  Time since last request: 3.172067 seconds.
  path: Assets/In_Asset/Local/Sprout Lands - Sprites - Basic pack/Objects/Wood_Bridge.png
  artifactKey: Guid(8fbc62684e684804d9fa93f6a09aa95b) Importer(815301076,1909f56bfc062723c751e8b465ee728b)
Number of updated assets reloaded before import = 0
Start importing Assets/In_Asset/Local/Sprout Lands - Sprites - Basic pack/Objects/Wood_Bridge.png using Guid(8fbc62684e684804d9fa93f6a09aa95b) Importer(815301076,1909f56bfc062723c751e8b465ee728b)  -> (artifact id: '2a2b5c7e7e5a868ebb06188eccc08e69') in 0.026802 seconds 
Number of asset objects unloaded after import = 6
========================================================================
Received Import Request.
  Time since last request: 7.160240 seconds.
  path: Assets/In_Asset/Local/Sprout Lands - Sprites - Basic pack/Objects/Paths.png
  artifactKey: Guid(1641a50bd6c5eb24fae09552645b8c37) Importer(815301076,1909f56bfc062723c751e8b465ee728b)
Number of updated assets reloaded before import = 0
Start importing Assets/In_Asset/Local/Sprout Lands - Sprites - Basic pack/Objects/Paths.png using Guid(1641a50bd6c5eb24fae09552645b8c37) Importer(815301076,1909f56bfc062723c751e8b465ee728b)  -> (artifact id: 'cab4e6c6c82c0757c7434d6cc0b3ea7b') in 0.016205 seconds 
Number of asset objects unloaded after import = 2
========================================================================
Received Import Request.
  Time since last request: 5.205242 seconds.
  path: Assets/In_Asset/Local/Sprout Lands - Sprites - Basic pack/Objects/Paths.png
  artifactKey: Guid(1641a50bd6c5eb24fae09552645b8c37) Importer(815301076,1909f56bfc062723c751e8b465ee728b)
Number of updated assets reloaded before import = 0
Start importing Assets/In_Asset/Local/Sprout Lands - Sprites - Basic pack/Objects/Paths.png using Guid(1641a50bd6c5eb24fae09552645b8c37) Importer(815301076,1909f56bfc062723c751e8b465ee728b)  -> (artifact id: '68ece278faae1d992b27732378644fb1') in 0.046887 seconds 
Number of asset objects unloaded after import = 10
========================================================================
Received Import Request.
  Time since last request: 9.385015 seconds.
  path: Assets/In_Asset/Local/Sprout Lands - Sprites - Basic pack/Tilesets/Bitmask references 1.png
  artifactKey: Guid(69da8b48f5764c6479b8ee0ef81a030d) Importer(815301076,1909f56bfc062723c751e8b465ee728b)
Number of updated assets reloaded before import = 0
Start importing Assets/In_Asset/Local/Sprout Lands - Sprites - Basic pack/Tilesets/Bitmask references 1.png using Guid(69da8b48f5764c6479b8ee0ef81a030d) Importer(815301076,1909f56bfc062723c751e8b465ee728b)  -> (artifact id: 'e7e7d18776f3d91941eb5b0b92fdb7f7') in 0.027833 seconds 
Number of asset objects unloaded after import = 3
========================================================================
Received Import Request.
  Time since last request: 0.000023 seconds.
  path: Assets/In_Asset/Local/Sprout Lands - Sprites - Basic pack/Tilesets/Wooden House.png
  artifactKey: Guid(0a6d027eaffa77f4e928dfdb82c6c26f) Importer(815301076,1909f56bfc062723c751e8b465ee728b)
Number of updated assets reloaded before import = 0
Start importing Assets/In_Asset/Local/Sprout Lands - Sprites - Basic pack/Tilesets/Wooden House.png using Guid(0a6d027eaffa77f4e928dfdb82c6c26f) Importer(815301076,1909f56bfc062723c751e8b465ee728b)  -> (artifact id: 'dc8e4b09c567b0cf3298a84b04b6addf') in 0.018775 seconds 
Number of asset objects unloaded after import = 3
========================================================================
Received Import Request.
  Time since last request: 0.000030 seconds.
  path: Assets/In_Asset/Local/Sprout Lands - Sprites - Basic pack/Tilesets/Tilled_Dirt.png
  artifactKey: Guid(a11718151679cdd47976860e296077c2) Importer(815301076,1909f56bfc062723c751e8b465ee728b)
Number of updated assets reloaded before import = 0
Start importing Assets/In_Asset/Local/Sprout Lands - Sprites - Basic pack/Tilesets/Tilled_Dirt.png using Guid(a11718151679cdd47976860e296077c2) Importer(815301076,1909f56bfc062723c751e8b465ee728b)  -> (artifact id: '52e0120e64f57fc4eb4dd523cec98c6c') in 0.022260 seconds 
Number of asset objects unloaded after import = 3
========================================================================
Received Import Request.
  Time since last request: 0.000030 seconds.
  path: Assets/In_Asset/Local/Sprout Lands - Sprites - Basic pack/Tilesets/Water.png
  artifactKey: Guid(7cc09b01d05e00b4a9273b159422e9e7) Importer(815301076,1909f56bfc062723c751e8b465ee728b)
Number of updated assets reloaded before import = 0
Start importing Assets/In_Asset/Local/Sprout Lands - Sprites - Basic pack/Tilesets/Water.png using Guid(7cc09b01d05e00b4a9273b159422e9e7) Importer(815301076,1909f56bfc062723c751e8b465ee728b)  -> (artifact id: '1027581344f96764e76350a956c87aec') in 0.018228 seconds 
Number of asset objects unloaded after import = 3
========================================================================
Received Import Request.
  Time since last request: 0.000028 seconds.
  path: Assets/In_Asset/Local/Sprout Lands - Sprites - Basic pack/Tilesets/Grass.png
  artifactKey: Guid(97dc1f433eb9b5042b2df88e8cc5798a) Importer(815301076,1909f56bfc062723c751e8b465ee728b)
Number of updated assets reloaded before import = 0
Start importing Assets/In_Asset/Local/Sprout Lands - Sprites - Basic pack/Tilesets/Grass.png using Guid(97dc1f433eb9b5042b2df88e8cc5798a) Importer(815301076,1909f56bfc062723c751e8b465ee728b)  -> (artifact id: 'd0b5d778894d92f170b6b9bacfa89a05') in 0.025502 seconds 
Number of asset objects unloaded after import = 3
========================================================================
Received Import Request.
  Time since last request: 0.000032 seconds.
  path: Assets/In_Asset/Local/Sprout Lands - Sprites - Basic pack/Tilesets/Fences.png
  artifactKey: Guid(c6c69b7bc34cd0542aaa24ff8fd413f4) Importer(815301076,1909f56bfc062723c751e8b465ee728b)
Number of updated assets reloaded before import = 0
Start importing Assets/In_Asset/Local/Sprout Lands - Sprites - Basic pack/Tilesets/Fences.png using Guid(c6c69b7bc34cd0542aaa24ff8fd413f4) Importer(815301076,1909f56bfc062723c751e8b465ee728b)  -> (artifact id: 'a0a06748f99b5328b1d5861aa36d509c') in 0.023682 seconds 
Number of asset objects unloaded after import = 3
Editor requested this worker to shutdown with reason: Scaling down because of idle timeout
AssetImportWorker is now disconnected from the server
Process exiting
Exiting without the bug reporter. Application will terminate with return code 0