Using pre-set license
Built from '2021.3/staging' branch; Version is '2021.3.33f1 (ee5a2aa03ab2) revision 15620650'; Using compiler version '192829333'; Build Type 'Release'
OS: 'Windows 11  (10.0.22631) 64bit CoreSingleLanguage' Language: 'en' Physical Memory: 16163 MB
BatchMode: 1, IsHumanControllingUs: 0, StartBugReporterOnCrash: 0, Is64bit: 1, IsPro: 1

COMMAND LINE ARGUMENTS:
E:\UnityEditor\2021.3.33f1\Editor\Unity.exe
-adb2
-batchMode
-noUpm
-name
AssetImportWorker4
-projectPath
F:/Unity_Project/Editor/PC/Online/2D/Farmer
-logFile
Logs/AssetImportWorker4.log
-srvPort
51776
Successfully changed project path to: F:/Unity_Project/Editor/PC/Online/2D/Farmer
F:/Unity_Project/Editor/PC/Online/2D/Farmer
[UnityMemory] Configuration Parameters - Can be set up in boot.config
    "memorysetup-bucket-allocator-granularity=16"
    "memorysetup-bucket-allocator-bucket-count=8"
    "memorysetup-bucket-allocator-block-size=33554432"
    "memorysetup-bucket-allocator-block-count=8"
    "memorysetup-main-allocator-block-size=16777216"
    "memorysetup-thread-allocator-block-size=16777216"
    "memorysetup-gfx-main-allocator-block-size=16777216"
    "memorysetup-gfx-thread-allocator-block-size=16777216"
    "memorysetup-cache-allocator-block-size=4194304"
    "memorysetup-typetree-allocator-block-size=2097152"
    "memorysetup-profiler-bucket-allocator-granularity=16"
    "memorysetup-profiler-bucket-allocator-bucket-count=8"
    "memorysetup-profiler-bucket-allocator-block-size=33554432"
    "memorysetup-profiler-bucket-allocator-block-count=8"
    "memorysetup-profiler-allocator-block-size=16777216"
    "memorysetup-profiler-editor-allocator-block-size=1048576"
    "memorysetup-temp-allocator-size-main=16777216"
    "memorysetup-job-temp-allocator-block-size=2097152"
    "memorysetup-job-temp-allocator-block-size-background=1048576"
    "memorysetup-job-temp-allocator-reduction-small-platforms=262144"
    "memorysetup-temp-allocator-size-background-worker=32768"
    "memorysetup-temp-allocator-size-job-worker=262144"
    "memorysetup-temp-allocator-size-preload-manager=33554432"
    "memorysetup-temp-allocator-size-nav-mesh-worker=65536"
    "memorysetup-temp-allocator-size-audio-worker=65536"
    "memorysetup-temp-allocator-size-cloud-worker=32768"
    "memorysetup-temp-allocator-size-gi-baking-worker=262144"
    "memorysetup-temp-allocator-size-gfx=262144"
Player connection [10416] Host "[IP] 192.168.0.102 [Port] 0 [Flags] 2 [Guid] 2080253398 [EditorId] 2080253398 [Version] 1048832 [Id] WindowsEditor(7,MQuang) [Debug] 1 [PackageName] WindowsEditor [ProjectName] Editor" joined multi-casting on [225.0.0.222:54997]...

Player connection [10416] Host "[IP] 192.168.0.102 [Port] 0 [Flags] 2 [Guid] 2080253398 [EditorId] 2080253398 [Version] 1048832 [Id] WindowsEditor(7,MQuang) [Debug] 1 [PackageName] WindowsEditor [ProjectName] Editor" joined alternative multi-casting on [225.0.0.222:34997]...

[Physics::Module] Initialized MultithreadedJobDispatcher with {0} workers.
Refreshing native plugins compatible for Editor in 110.89 ms, found 4 plugins.
Preloading 0 native plugins for Editor in 0.00 ms.
Initialize engine version: 2021.3.33f1 (ee5a2aa03ab2)
[Subsystems] Discovering subsystems at path E:/UnityEditor/2021.3.33f1/Editor/Data/Resources/UnitySubsystems
[Subsystems] Discovering subsystems at path F:/Unity_Project/Editor/PC/Online/2D/Farmer/Assets
GfxDevice: creating device client; threaded=0; jobified=0
Direct3D:
    Version:  Direct3D 11.0 [level 11.1]
    Renderer: NVIDIA GeForce GTX 1650 (ID=0x1f9d)
    Vendor:   NVIDIA
    VRAM:     3962 MB
    Driver:   31.0.15.1748
Initialize mono
Mono path[0] = 'E:/UnityEditor/2021.3.33f1/Editor/Data/Managed'
Mono path[1] = 'E:/UnityEditor/2021.3.33f1/Editor/Data/MonoBleedingEdge/lib/mono/unityjit-win32'
Mono config path = 'E:/UnityEditor/2021.3.33f1/Editor/Data/MonoBleedingEdge/etc'
Using monoOptions --debugger-agent=transport=dt_socket,embedding=1,server=y,suspend=n,address=127.0.0.1:56840
Begin MonoManager ReloadAssembly
Registering precompiled unity dll's ...
Register platform support module: E:/UnityEditor/2021.3.33f1/Editor/Data/PlaybackEngines/WebGLSupport/UnityEditor.WebGL.Extensions.dll
Register platform support module: E:/UnityEditor/2021.3.33f1/Editor/Data/PlaybackEngines/AndroidPlayer/UnityEditor.Android.Extensions.dll
Register platform support module: E:/UnityEditor/2021.3.33f1/Editor/Data/PlaybackEngines/WindowsStandaloneSupport/UnityEditor.WindowsStandalone.Extensions.dll
Registered in 0.001552 seconds.
Native extension for WindowsStandalone target not found
Native extension for Android target not found
Android Extension - Scanning For ADB Devices 175 ms
Native extension for WebGL target not found
Refreshing native plugins compatible for Editor in 124.13 ms, found 4 plugins.
Preloading 0 native plugins for Editor in 0.00 ms.
Mono: successfully reloaded assembly
- Completed reload, in  0.765 seconds
Domain Reload Profiling:
	ReloadAssembly (765ms)
		BeginReloadAssembly (70ms)
			ExecutionOrderSort (0ms)
			DisableScriptedObjects (0ms)
			BackupInstance (0ms)
			ReleaseScriptingObjects (0ms)
			CreateAndSetChildDomain (1ms)
		EndReloadAssembly (630ms)
			LoadAssemblies (69ms)
			RebuildTransferFunctionScriptingTraits (0ms)
			SetupTypeCache (82ms)
			ReleaseScriptCaches (0ms)
			RebuildScriptCaches (30ms)
			SetupLoadedEditorAssemblies (488ms)
				LogAssemblyErrors (0ms)
				InitializePlatformSupportModulesInManaged (252ms)
				SetLoadedEditorAssemblies (0ms)
				RefreshPlugins (124ms)
				BeforeProcessingInitializeOnLoad (2ms)
				ProcessInitializeOnLoadAttributes (76ms)
				ProcessInitializeOnLoadMethodAttributes (33ms)
				AfterProcessingInitializeOnLoad (0ms)
				EditorAssembliesLoaded (0ms)
			ExecutionOrderSort2 (0ms)
			AwakeInstancesAfterBackupRestoration (0ms)
Platform modules already initialized, skipping
Registering precompiled user dll's ...
Registered in 0.004383 seconds.
Begin MonoManager ReloadAssembly
Symbol file LoadedFromMemory is not a mono symbol file
Native extension for WindowsStandalone target not found
Native extension for Android target not found
Native extension for WebGL target not found
Refreshing native plugins compatible for Editor in 114.46 ms, found 4 plugins.
Preloading 0 native plugins for Editor in 0.00 ms.
Package Manager log level set to [2]
[Package Manager] Server::EnsureServerProcessIsRunning -- launch failed, reason: Unity was launched with the -noUpm command-line argument
[Package Manager] Cannot connect to Unity Package Manager local server
Mono: successfully reloaded assembly
- Completed reload, in  1.617 seconds
Domain Reload Profiling:
	ReloadAssembly (1618ms)
		BeginReloadAssembly (110ms)
			ExecutionOrderSort (0ms)
			DisableScriptedObjects (5ms)
			BackupInstance (0ms)
			ReleaseScriptingObjects (0ms)
			CreateAndSetChildDomain (17ms)
		EndReloadAssembly (1429ms)
			LoadAssemblies (89ms)
			RebuildTransferFunctionScriptingTraits (0ms)
			SetupTypeCache (257ms)
			ReleaseScriptCaches (1ms)
			RebuildScriptCaches (64ms)
			SetupLoadedEditorAssemblies (995ms)
				LogAssemblyErrors (0ms)
				InitializePlatformSupportModulesInManaged (14ms)
				SetLoadedEditorAssemblies (0ms)
				RefreshPlugins (115ms)
				BeforeProcessingInitializeOnLoad (130ms)
				ProcessInitializeOnLoadAttributes (649ms)
				ProcessInitializeOnLoadMethodAttributes (86ms)
				AfterProcessingInitializeOnLoad (2ms)
				EditorAssembliesLoaded (0ms)
			ExecutionOrderSort2 (0ms)
			AwakeInstancesAfterBackupRestoration (4ms)
Platform modules already initialized, skipping
========================================================================
Worker process is ready to serve import requests
Launched and connected shader compiler UnityShaderCompiler.exe after 0.03 seconds
Refreshing native plugins compatible for Editor in 1.19 ms, found 4 plugins.
Preloading 0 native plugins for Editor in 0.00 ms.
Unloading 7246 Unused Serialized files (Serialized files now loaded: 0)
Unloading 68 unused Assets / (0.8 MB). Loaded Objects now: 7695.
Memory consumption went from 280.2 MB to 279.4 MB.
Total: 4.427800 ms (FindLiveObjects: 0.596700 ms CreateObjectMapping: 0.324200 ms MarkObjects: 3.196500 ms  DeleteObjects: 0.309600 ms)

AssetImportParameters requested are different than current active one (requested -> active):
  custom:video-decoder-ogg-theora: a1e56fd34408186e4bbccfd4996cb3dc -> 
  custom:container-muxer-webm: aa71ff27fc2769a1b78a27578f13a17b -> 
  custom:container-demuxer-webm: 4f35f7cbe854078d1ac9338744f61a02 -> 
  custom:video-encoder-webm-vp8: eb34c28f22e8b96e1ab97ce403110664 -> 
  custom:video-codec-MediaFoundation-h265: 746d11721c4dcdbdad8f713fa42b33f4 -> 
  custom:CustomObjectIndexerAttribute: 6b0e35c9178b02a6363f3721b7b8e397 -> 
  custom:audio-encoder-webm-vorbis: bf7c407c2cedff20999df2af8eb42d56 -> 
  custom:framework-win-MediaFoundation: 216162199b28c13a410421893ffa2e32 -> 
  custom:SearchIndexIgnoredProperties: e643bd26f0fe6173181afceb89e7c659 -> 
  custom:container-demuxer-ogg: 62fdf1f143b41e24485cea50d1cbac27 -> 
  custom:video-decoder-webm-vp8: 9c59270c3fd7afecdb556c50c9e8de78 -> 
  custom:audio-decoder-ogg-vorbis: bf7c407c2cedff20999df2af8eb42d56 -> 
========================================================================
Received Import Request.
  Time since last request: 6345.126617 seconds.
  path: Assets/In_Asset/Local/Sprout Lands - Sprites - Basic pack/Tilesets/Fences.png
  artifactKey: Guid(c6c69b7bc34cd0542aaa24ff8fd413f4) Importer(815301076,1909f56bfc062723c751e8b465ee728b)
Number of updated assets reloaded before import = 0
Start importing Assets/In_Asset/Local/Sprout Lands - Sprites - Basic pack/Tilesets/Fences.png using Guid(c6c69b7bc34cd0542aaa24ff8fd413f4) Importer(815301076,1909f56bfc062723c751e8b465ee728b)  -> (artifact id: 'b7ddd76c7525a69c1b20151456217ff4') in 0.078059 seconds 
Number of asset objects unloaded after import = 3
========================================================================
Received Import Request.
  Time since last request: 14.940343 seconds.
  path: Assets/In_Asset/Local/Sprout Lands - Sprites - Basic pack/Tilesets/Fences.png
  artifactKey: Guid(c6c69b7bc34cd0542aaa24ff8fd413f4) Importer(815301076,1909f56bfc062723c751e8b465ee728b)
Number of updated assets reloaded before import = 0
Start importing Assets/In_Asset/Local/Sprout Lands - Sprites - Basic pack/Tilesets/Fences.png using Guid(c6c69b7bc34cd0542aaa24ff8fd413f4) Importer(815301076,1909f56bfc062723c751e8b465ee728b)  -> (artifact id: '4752576e6213420db39881b890c3f563') in 0.052151 seconds 
Number of asset objects unloaded after import = 18
========================================================================
Received Import Request.
  Time since last request: 7.619796 seconds.
  path: Assets/In_Asset/Local/Sprout Lands - Sprites - Basic pack/Tilesets/Grass.png
  artifactKey: Guid(97dc1f433eb9b5042b2df88e8cc5798a) Importer(815301076,1909f56bfc062723c751e8b465ee728b)
Number of updated assets reloaded before import = 0
Start importing Assets/In_Asset/Local/Sprout Lands - Sprites - Basic pack/Tilesets/Grass.png using Guid(97dc1f433eb9b5042b2df88e8cc5798a) Importer(815301076,1909f56bfc062723c751e8b465ee728b)  -> (artifact id: '4cb868fc78c3a23b21bff08784eae15a') in 0.015046 seconds 
Number of asset objects unloaded after import = 2
========================================================================
Received Import Request.
  Time since last request: 39.185164 seconds.
  path: Assets/In_Asset/Local/Sprout Lands - Sprites - Basic pack/Tilesets/Grass.png
  artifactKey: Guid(97dc1f433eb9b5042b2df88e8cc5798a) Importer(815301076,1909f56bfc062723c751e8b465ee728b)
Number of updated assets reloaded before import = 0
Start importing Assets/In_Asset/Local/Sprout Lands - Sprites - Basic pack/Tilesets/Grass.png using Guid(97dc1f433eb9b5042b2df88e8cc5798a) Importer(815301076,1909f56bfc062723c751e8b465ee728b)  -> (artifact id: '1f788fc2f2a5045072e546d47d4cd573') in 0.138794 seconds 
Number of asset objects unloaded after import = 73
========================================================================
Received Import Request.
  Time since last request: 7.818215 seconds.
  path: Assets/In_Asset/Local/Sprout Lands - Sprites - Basic pack/Tilesets/Hills.png
  artifactKey: Guid(358cf957607889c4dabfe1638bcfa8c1) Importer(815301076,1909f56bfc062723c751e8b465ee728b)
Number of updated assets reloaded before import = 0
Start importing Assets/In_Asset/Local/Sprout Lands - Sprites - Basic pack/Tilesets/Hills.png using Guid(358cf957607889c4dabfe1638bcfa8c1) Importer(815301076,1909f56bfc062723c751e8b465ee728b)  -> (artifact id: 'f82ca038345285f57cb0c96affaf3b82') in 0.013037 seconds 
Number of asset objects unloaded after import = 2
========================================================================
Received Import Request.
  Time since last request: 3.733976 seconds.
  path: Assets/In_Asset/Local/Sprout Lands - Sprites - Basic pack/Tilesets/Hills.png
  artifactKey: Guid(358cf957607889c4dabfe1638bcfa8c1) Importer(815301076,1909f56bfc062723c751e8b465ee728b)
Number of updated assets reloaded before import = 0
Start importing Assets/In_Asset/Local/Sprout Lands - Sprites - Basic pack/Tilesets/Hills.png using Guid(358cf957607889c4dabfe1638bcfa8c1) Importer(815301076,1909f56bfc062723c751e8b465ee728b)  -> (artifact id: '3df5ef564398ed3a9c8deb3e15f49c1f') in 0.134846 seconds 
Number of asset objects unloaded after import = 69
========================================================================
Received Import Request.
  Time since last request: 5.294527 seconds.
  path: Assets/In_Asset/Local/Sprout Lands - Sprites - Basic pack/Tilesets/Tilled_Dirt.png
  artifactKey: Guid(a11718151679cdd47976860e296077c2) Importer(815301076,1909f56bfc062723c751e8b465ee728b)
Number of updated assets reloaded before import = 0
Start importing Assets/In_Asset/Local/Sprout Lands - Sprites - Basic pack/Tilesets/Tilled_Dirt.png using Guid(a11718151679cdd47976860e296077c2) Importer(815301076,1909f56bfc062723c751e8b465ee728b)  -> (artifact id: 'b2e7a5e7f8bc9d165fad39ebdd652827') in 0.014116 seconds 
Number of asset objects unloaded after import = 2
========================================================================
Received Import Request.
  Time since last request: 3.309800 seconds.
  path: Assets/In_Asset/Local/Sprout Lands - Sprites - Basic pack/Tilesets/Tilled_Dirt.png
  artifactKey: Guid(a11718151679cdd47976860e296077c2) Importer(815301076,1909f56bfc062723c751e8b465ee728b)
Number of updated assets reloaded before import = 0
Start importing Assets/In_Asset/Local/Sprout Lands - Sprites - Basic pack/Tilesets/Tilled_Dirt.png using Guid(a11718151679cdd47976860e296077c2) Importer(815301076,1909f56bfc062723c751e8b465ee728b)  -> (artifact id: '55c65bc3e64415477929253792fe7810') in 0.140800 seconds 
Number of asset objects unloaded after import = 72
========================================================================
Received Import Request.
  Time since last request: 14.909131 seconds.
  path: Assets/In_Asset/Local/Sprout Lands - Sprites - Basic pack/Tilesets/Water.png
  artifactKey: Guid(7cc09b01d05e00b4a9273b159422e9e7) Importer(815301076,1909f56bfc062723c751e8b465ee728b)
Number of updated assets reloaded before import = 0
Start importing Assets/In_Asset/Local/Sprout Lands - Sprites - Basic pack/Tilesets/Water.png using Guid(7cc09b01d05e00b4a9273b159422e9e7) Importer(815301076,1909f56bfc062723c751e8b465ee728b)  -> (artifact id: '307b6860bdbcf5118334c354d1492ddb') in 0.016403 seconds 
Number of asset objects unloaded after import = 2
========================================================================
Received Import Request.
  Time since last request: 4.761669 seconds.
  path: Assets/In_Asset/Local/Sprout Lands - Sprites - Basic pack/Tilesets/Water.png
  artifactKey: Guid(7cc09b01d05e00b4a9273b159422e9e7) Importer(815301076,1909f56bfc062723c751e8b465ee728b)
Number of updated assets reloaded before import = 0
Start importing Assets/In_Asset/Local/Sprout Lands - Sprites - Basic pack/Tilesets/Water.png using Guid(7cc09b01d05e00b4a9273b159422e9e7) Importer(815301076,1909f56bfc062723c751e8b465ee728b)  -> (artifact id: '9bdd77ed37a74f6c840fe64bec160a8c') in 0.024209 seconds 
Number of asset objects unloaded after import = 6
========================================================================
Received Import Request.
  Time since last request: 5.714834 seconds.
  path: Assets/In_Asset/Local/Sprout Lands - Sprites - Basic pack/Tilesets/Wooden House.png
  artifactKey: Guid(0a6d027eaffa77f4e928dfdb82c6c26f) Importer(815301076,1909f56bfc062723c751e8b465ee728b)
Number of updated assets reloaded before import = 0
Start importing Assets/In_Asset/Local/Sprout Lands - Sprites - Basic pack/Tilesets/Wooden House.png using Guid(0a6d027eaffa77f4e928dfdb82c6c26f) Importer(815301076,1909f56bfc062723c751e8b465ee728b)  -> (artifact id: '0d2436bdff16d459692c1844170e02c9') in 0.016032 seconds 
Number of asset objects unloaded after import = 2
========================================================================
Received Import Request.
  Time since last request: 11.640460 seconds.
  path: Assets/In_Asset/Local/Sprout Lands - Sprites - Basic pack/Tilesets/Wooden House.png
  artifactKey: Guid(0a6d027eaffa77f4e928dfdb82c6c26f) Importer(815301076,1909f56bfc062723c751e8b465ee728b)
Number of updated assets reloaded before import = 0
Start importing Assets/In_Asset/Local/Sprout Lands - Sprites - Basic pack/Tilesets/Wooden House.png using Guid(0a6d027eaffa77f4e928dfdb82c6c26f) Importer(815301076,1909f56bfc062723c751e8b465ee728b)  -> (artifact id: 'c392f99c8dfacedbda8f9319a5cc581a') in 0.076568 seconds 
Number of asset objects unloaded after import = 32
========================================================================
Received Import Request.
  Time since last request: 28.089061 seconds.
  path: Assets/In_Asset/Local/Sprout Lands - Sprites - Basic pack/Sprout Lands color pallet/Sprout Lands defautlt palette snip.PNG
  artifactKey: Guid(2093fc5163d7f0b47864628add425437) Importer(815301076,1909f56bfc062723c751e8b465ee728b)
Number of updated assets reloaded before import = 0
Start importing Assets/In_Asset/Local/Sprout Lands - Sprites - Basic pack/Sprout Lands color pallet/Sprout Lands defautlt palette snip.PNG using Guid(2093fc5163d7f0b47864628add425437) Importer(815301076,1909f56bfc062723c751e8b465ee728b)  -> (artifact id: '4385a5d16b41ff1bcd74477bc770bb6e') in 0.023788 seconds 
Number of asset objects unloaded after import = 3
========================================================================
Received Import Request.
  Time since last request: 0.000021 seconds.
  path: Assets/In_Asset/Local/Sprout Lands - Sprites - Basic pack/Sprout Lands color pallet/Sprout Lands defautlt palette.png
  artifactKey: Guid(1b081de5d4308e64a99bed7822965086) Importer(815301076,1909f56bfc062723c751e8b465ee728b)
Number of updated assets reloaded before import = 0
Start importing Assets/In_Asset/Local/Sprout Lands - Sprites - Basic pack/Sprout Lands color pallet/Sprout Lands defautlt palette.png using Guid(1b081de5d4308e64a99bed7822965086) Importer(815301076,1909f56bfc062723c751e8b465ee728b)  -> (artifact id: '8843600127fd44034aca24eb97f6f148') in 0.016893 seconds 
Number of asset objects unloaded after import = 3
